<?xml version="1.0" encoding="UTF-8"?>
<!-- Generated by org.testng.reporters.JUnitReportReporter -->
<testsuite hostname="seleniuminstance3-0" failures="0" tests="1" name="runner.Testcase3" time="13.624" errors="0" timestamp="2023-10-03T07:01:04 UTC" skipped="0">
  <testcase classname="runner.Testcase3" name="Buspg2" time="13.624"/>
</testsuite> <!-- runner.Testcase3 -->
